<?xml version="1.0" encoding="UTF-8"?>
<testsuite xmlns:xsi="http://www.w3.org/2001/XMLSchema-instance" xsi:noNamespaceSchemaLocation="https://maven.apache.org/surefire/maven-surefire-plugin/xsd/surefire-test-report.xsd" name="com.example.HeapUsingIterativeBinaryTreeTest" time="0.034" tests="3" errors="0" skipped="0" failures="0">
  <properties>
[...]
</properties>
  <testcase name="testSingleInsertAndRemove" classname="com.example.HeapUsingIterativeBinaryTreeTest" time="0.02"/>
  <testcase name="testOrderingMultiplePatients" classname="com.example.HeapUsingIterativeBinaryTreeTest" time="0.002"/>
  <testcase name="testEmptyHeap" classname="com.example.HeapUsingIterativeBinaryTreeTest" time="0.002"/>
</testsuite>