<?xml version="1.0" encoding="UTF-8"?>
<testsuite xmlns:xsi="http://www.w3.org/2001/XMLSchema-instance" xsi:noNamespaceSchemaLocation="https://maven.apache.org/surefire/maven-surefire-plugin/xsd/surefire-test-report.xsd" name="com.example.InsertionSortProfiler" time="0.034" tests="6" errors="6" skipped="0" failures="0">
  <properties>
[...]
</properties>
  <testcase name="testEmptyArray" classname="com.example.InsertionSortProfiler" time="0.006">
    <error message="Not supported yet." type="java.lang.UnsupportedOperationException">java.lang.UnsupportedOperationException: Not supported yet.
	at com.example.InsertionSortProfiler.insertionSort(InsertionSortProfiler.java:10)
	at com.example.InsertionSortProfiler.testEmptyArray(InsertionSortProfiler.java:15)
</error>
  </testcase>
  <testcase name="testUnsortedArrayWithDuplicates" classname="com.example.InsertionSortProfiler" time="0">
    <error message="Not supported yet." type="java.lang.UnsupportedOperationException">java.lang.UnsupportedOperationException: Not supported yet.
	at com.example.InsertionSortProfiler.insertionSort(InsertionSortProfiler.java:10)
	at com.example.InsertionSortProfiler.testUnsortedArrayWithDuplicates(InsertionSortProfiler.java:39)
</error>
  </testcase>
  <testcase name="testUnsortedArrayWithNegativeNumbers" classname="com.example.InsertionSortProfiler" time="0.001">
    <error message="Not supported yet." type="java.lang.UnsupportedOperationException">java.lang.UnsupportedOperationException: Not supported yet.
	at com.example.InsertionSortProfiler.insertionSort(InsertionSortProfiler.java:10)
	at com.example.InsertionSortProfiler.testUnsortedArrayWithNegativeNumbers(InsertionSortProfiler.java:45)
</error>
  </testcase>
  <testcase name="testReverseSortedArray" classname="com.example.InsertionSortProfiler" time="0">
    <error message="Not supported yet." type="java.lang.UnsupportedOperationException">java.lang.UnsupportedOperationException: Not supported yet.
	at com.example.InsertionSortProfiler.insertionSort(InsertionSortProfiler.java:10)
	at com.example.InsertionSortProfiler.testReverseSortedArray(InsertionSortProfiler.java:33)
</error>
  </testcase>
  <testcase name="testAlreadySortedArray" classname="com.example.InsertionSortProfiler" time="0.001">
    <error message="Not supported yet." type="java.lang.UnsupportedOperationException">java.lang.UnsupportedOperationException: Not supported yet.
	at com.example.InsertionSortProfiler.insertionSort(InsertionSortProfiler.java:10)
	at com.example.InsertionSortProfiler.testAlreadySortedArray(InsertionSortProfiler.java:27)
</error>
  </testcase>
  <testcase name="testSingleElementArray" classname="com.example.InsertionSortProfiler" time="0.001">
    <error message="Not supported yet." type="java.lang.UnsupportedOperationException">java.lang.UnsupportedOperationException: Not supported yet.
	at com.example.InsertionSortProfiler.insertionSort(InsertionSortProfiler.java:10)
	at com.example.InsertionSortProfiler.testSingleElementArray(InsertionSortProfiler.java:21)
</error>
  </testcase>
</testsuite>