<?xml version="1.0" encoding="UTF-8"?>
<testsuite xmlns:xsi="http://www.w3.org/2001/XMLSchema-instance" xsi:noNamespaceSchemaLocation="https://maven.apache.org/surefire/maven-surefire-plugin/xsd/surefire-test-report.xsd" name="com.example.RadixSortProfilerTest" time="0.037" tests="7" errors="0" skipped="0" failures="2">
  <properties>
[...]
</properties>
  <testcase name="testCountSort_MultiElementArray_DifferentDigits" classname="com.example.RadixSortProfilerTest" time="0.009">
    <failure message="arrays first differed at element [0]; expected:&lt;2&gt; but was:&lt;170&gt;" type="org.junit.internal.ArrayComparisonFailure"><![CDATA[org.junit.internal.ArrayComparisonFailure: arrays first differed at element [0]; expected:<2> but was:<170>
	at com.example.RadixSortProfilerTest.testCountSort_MultiElementArray_DifferentDigits(RadixSortProfilerTest.java:36)
]]></failure>
  </testcase>
  <testcase name="testCountSort_LargeArray" classname="com.example.RadixSortProfilerTest" time="0">
    <failure type="java.lang.AssertionError">java.lang.AssertionError
	at com.example.RadixSortProfilerTest.testCountSort_LargeArray(RadixSortProfilerTest.java:55)
</failure>
  </testcase>
  <testcase name="testCountSort_MultiElementArray_SameDigits" classname="com.example.RadixSortProfilerTest" time="0"/>
  <testcase name="testCountSort_SingleElementArray" classname="com.example.RadixSortProfilerTest" time="0"/>
  <testcase name="testCountSort_ArrayWithNegativeNumbers" classname="com.example.RadixSortProfilerTest" time="0"/>
  <testcase name="testCountSort_EmptyArray" classname="com.example.RadixSortProfilerTest" time="0"/>
  <testcase name="testCountSort_ArrayWithZeros" classname="com.example.RadixSortProfilerTest" time="0"/>
</testsuite>