-------------------------------------------------------------------------------
Test set: com.example.MapSkuTest
-------------------------------------------------------------------------------
Tests run: 1, Failures: 0, Errors: 1, Skipped: 0, Time elapsed: 0.005 s <<< FAILURE! - in com.example.MapSkuTest
com.example.MapSkuTest  Time elapsed: 0.005 s  <<< ERROR!
org.junit.platform.commons.JUnitException: @BeforeAll method 'public void com.example.MapSkuTest.setUpStreams()' must be static unless the test class is annotated with @TestInstance(Lifecycle.PER_CLASS).

