<?xml version="1.0" encoding="UTF-8"?>
<testsuite xmlns:xsi="http://www.w3.org/2001/XMLSchema-instance" xsi:noNamespaceSchemaLocation="https://maven.apache.org/surefire/maven-surefire-plugin/xsd/surefire-test-report.xsd" name="com.example.calculatorTest.RPNCalculatorTest" time="0.061" tests="5" errors="0" skipped="0" failures="3">
  <properties>
[...]
</properties>
  <testcase name="testTooManyOperands" classname="com.example.calculatorTest.RPNCalculatorTest" time="0.027">
    <failure message="expected:&lt;[Not enough operands for operator: +]&gt; but was:&lt;[Invalid RPN expression. Stack should contain exactly one element at the end.]&gt;" type="org.junit.ComparisonFailure"><![CDATA[org.junit.ComparisonFailure: expected:<[Not enough operands for operator: +]> but was:<[Invalid RPN expression. Stack should contain exactly one element at the end.]>
	at com.example.calculatorTest.RPNCalculatorTest.testTooManyOperands(RPNCalculatorTest.java:44)
]]></failure>
  </testcase>
  <testcase name="testUnknownOperator" classname="com.example.calculatorTest.RPNCalculatorTest" time="0.003">
    <failure message="Unexpected exception type thrown ==&gt; expected: &lt;java.lang.IllegalStateException&gt; but was: &lt;java.lang.IllegalArgumentException&gt;" type="org.opentest4j.AssertionFailedError"><![CDATA[org.opentest4j.AssertionFailedError: Unexpected exception type thrown ==> expected: <java.lang.IllegalStateException> but was: <java.lang.IllegalArgumentException>
	at com.example.calculatorTest.RPNCalculatorTest.testUnknownOperator(RPNCalculatorTest.java:53)
Caused by: java.lang.IllegalArgumentException: Invalid token encountered: ^
	at com.example.calculatorTest.RPNCalculatorTest.lambda$2(RPNCalculatorTest.java:53)
	at com.example.calculatorTest.RPNCalculatorTest.testUnknownOperator(RPNCalculatorTest.java:53)
]]></failure>
  </testcase>
  <testcase name="testNotEnoughOperands" classname="com.example.calculatorTest.RPNCalculatorTest" time="0.001">
    <failure message="expected:&lt;Not enough [numbers]&gt; but was:&lt;Not enough [operands for operator: +]&gt;" type="org.junit.ComparisonFailure"><![CDATA[org.junit.ComparisonFailure: expected:<Not enough [numbers]> but was:<Not enough [operands for operator: +]>
	at com.example.calculatorTest.RPNCalculatorTest.testNotEnoughOperands(RPNCalculatorTest.java:35)
]]></failure>
  </testcase>
  <testcase name="testSimpleRPNExpression" classname="com.example.calculatorTest.RPNCalculatorTest" time="0.001"/>
  <testcase name="testComplexRPNExpression" classname="com.example.calculatorTest.RPNCalculatorTest" time="0.001"/>
</testsuite>